<?xml version="1.0" encoding="UTF-8" ?>
<testsuite errors="3" failures="0" hostname="MacBook-Pro-51.local" name="Tests.testPath" skipped="0" tests="3" time="0.054" timestamp="2018-09-17T20:10:41">
  <properties>
[...]
</properties>
  <testcase classname="Tests.testPath" name="initializationError" time="0.001">
    <error message="The class Tests.testPath is not public." type="java.lang.Exception">java.lang.Exception: The class Tests.testPath is not public.
	at java.lang.reflect.Constructor.newInstance(Constructor.java:423)
</error>
    <error message="Test class should have exactly one public constructor" type="java.lang.Exception">java.lang.Exception: Test class should have exactly one public constructor
	at java.lang.reflect.Constructor.newInstance(Constructor.java:423)
</error>
    <error message="No runnable methods" type="java.lang.Exception">java.lang.Exception: No runnable methods
	at java.lang.reflect.Constructor.newInstance(Constructor.java:423)
</error>
  </testcase>
  <system-out><![CDATA[]]></system-out>
  <system-err><![CDATA[]]></system-err>
</testsuite>
